<?xml version="1.0" encoding="UTF-8"?>
<testsuite name="com.moneybridge.repository.LoanProductServiceTests" tests="1" skipped="0" failures="0" errors="0" timestamp="2025-02-03T07:29:54" hostname="DESKTOP-JS7R33B" time="1.229">
  <properties/>
  <testcase name="testFetchAndSaveLoanProduct()" classname="com.moneybridge.repository.LoanProductServiceTests" time="1.229"/>
  <system-out><![CDATA[16:29:50.878 [Test worker] INFO org.springframework.test.context.support.AnnotationConfigContextLoaderUtils -- Could not detect default configuration classes for test class [com.moneybridge.repository.LoanProductServiceTests]: LoanProductServiceTests does not declare any static, non-private, non-final, nested classes annotated with @Configuration.
16:29:50.947 [Test worker] INFO org.springframework.boot.test.context.SpringBootTestContextBootstrapper -- Found @SpringBootConfiguration com.moneybridge.MoneybridgeApplication for test class com.moneybridge.repository.LoanProductServiceTests

  .   ____          _            __ _ _
 /\\ / ___'_ __ _ _(_)_ __  __ _ \ \ \ \
( ( )\___ | '_ | '_| | '_ \/ _` | \ \ \ \
 \\/  ___)| |_)| | | | | || (_| |  ) ) ) )
  '  |____| .__|_| |_|_| |_\__, | / / / /
 =========|_|==============|___/=/_/_/_/
 :: Spring Boot ::                (v3.1.0)

2025-02-03T16:29:51.169+09:00  INFO 10160 --- [    Test worker] c.m.repository.LoanProductServiceTests   : Starting LoanProductServiceTests using Java 17.0.12 with PID 10160 (started by EZEN in C:\Users\EZEN\Desktop\moneybridge_back)
2025-02-03T16:29:51.170+09:00  INFO 10160 --- [    Test worker] c.m.repository.LoanProductServiceTests   : No active profile set, falling back to 1 default profile: "default"
2025-02-03T16:29:51.555+09:00  INFO 10160 --- [    Test worker] .s.d.r.c.RepositoryConfigurationDelegate : Bootstrapping Spring Data JPA repositories in DEFAULT mode.
2025-02-03T16:29:51.609+09:00  INFO 10160 --- [    Test worker] .s.d.r.c.RepositoryConfigurationDelegate : Finished Spring Data repository scanning in 47 ms. Found 6 JPA repository interfaces.
2025-02-03T16:29:51.959+09:00  INFO 10160 --- [    Test worker] o.hibernate.jpa.internal.util.LogHelper  : HHH000204: Processing PersistenceUnitInfo [name: default]
2025-02-03T16:29:51.996+09:00  INFO 10160 --- [    Test worker] org.hibernate.Version                    : HHH000412: Hibernate ORM core version 6.2.2.Final
2025-02-03T16:29:51.998+09:00  INFO 10160 --- [    Test worker] org.hibernate.cfg.Environment            : HHH000406: Using bytecode reflection optimizer
2025-02-03T16:29:52.091+09:00  INFO 10160 --- [    Test worker] o.h.b.i.BytecodeProviderInitiator        : HHH000021: Bytecode provider name : bytebuddy
2025-02-03T16:29:52.178+09:00  INFO 10160 --- [    Test worker] o.s.o.j.p.SpringPersistenceUnitInfo      : No LoadTimeWeaver setup: ignoring JPA class transformer
2025-02-03T16:29:52.189+09:00  INFO 10160 --- [    Test worker] com.zaxxer.hikari.HikariDataSource       : HikariPool-1 - Starting...
2025-02-03T16:29:52.244+09:00  INFO 10160 --- [    Test worker] com.zaxxer.hikari.pool.HikariPool        : HikariPool-1 - Added connection org.mariadb.jdbc.Connection@11574592
2025-02-03T16:29:52.246+09:00  INFO 10160 --- [    Test worker] com.zaxxer.hikari.HikariDataSource       : HikariPool-1 - Start completed.
2025-02-03T16:29:52.274+09:00  INFO 10160 --- [    Test worker] org.hibernate.orm.dialect                : HHH035001: Using dialect: org.hibernate.dialect.MariaDBDialect, version: 11.5
2025-02-03T16:29:52.475+09:00  INFO 10160 --- [    Test worker] o.h.b.i.BytecodeProviderInitiator        : HHH000021: Bytecode provider name : bytebuddy
2025-02-03T16:29:52.929+09:00  INFO 10160 --- [    Test worker] o.h.e.t.j.p.i.JtaPlatformInitiator       : HHH000490: Using JtaPlatform implementation: [org.hibernate.engine.transaction.jta.platform.internal.NoJtaPlatform]
Hibernate: 
    alter table if exists loan_product 
       modify column crdt_grad_avg  float(53)
Hibernate: 
    alter table if exists member_lender_status 
       modify column lender_status  enum ('APPROVED','PENDING','PENDING_SURRENDER','REJECTED') not null
Hibernate: 
    alter table if exists transaction 
       modify column created_at  TIMESTAMP(0) null
Hibernate: 
    alter table if exists transaction 
       modify column updated_at  TIMESTAMP(0) null
Hibernate: 
    alter table if exists wallet 
       modify column created_at  TIMESTAMP(0) null
Hibernate: 
    alter table if exists wallet 
       modify column updated_at  TIMESTAMP(0) null
Hibernate: 
    alter table if exists wallet_transaction 
       modify column created_at  TIMESTAMP(0) null
Hibernate: 
    alter table if exists wallet_transaction 
       modify column updated_at  TIMESTAMP(0) null
2025-02-03T16:29:53.021+09:00  INFO 10160 --- [    Test worker] j.LocalContainerEntityManagerFactoryBean : Initialized JPA EntityManagerFactory for persistence unit 'default'
2025-02-03T16:29:53.265+09:00  INFO 10160 --- [    Test worker] o.s.d.j.r.query.QueryEnhancerFactory     : Hibernate is in classpath; If applicable, HQL parser will be used.
2025-02-03T16:29:53.599+09:00  WARN 10160 --- [    Test worker] JpaBaseConfiguration$JpaWebConfiguration : spring.jpa.open-in-view is enabled by default. Therefore, database queries may be performed during view rendering. Explicitly configure spring.jpa.open-in-view to disable this warning
2025-02-03T16:29:53.675+09:00  INFO 10160 --- [    Test worker] c.m.config.CustomSecurityConfig          : ---------------------security config---------------------------
2025-02-03T16:29:53.708+09:00  INFO 10160 --- [    Test worker] o.s.s.web.DefaultSecurityFilterChain     : Will secure any request with [org.springframework.security.web.session.DisableEncodeUrlFilter@1786e49f, org.springframework.security.web.context.request.async.WebAsyncManagerIntegrationFilter@3bfbe2a6, org.springframework.security.web.context.SecurityContextHolderFilter@482c8db4, org.springframework.security.web.header.HeaderWriterFilter@73ae084e, org.springframework.web.filter.CorsFilter@275ff5f8, org.springframework.security.web.authentication.logout.LogoutFilter@7e9b68c5, com.moneybridge.security.filter.JWTCheckFilter@62243a7a, org.springframework.security.web.authentication.UsernamePasswordAuthenticationFilter@4dea763c, org.springframework.security.web.savedrequest.RequestCacheAwareFilter@41f274d, org.springframework.security.web.servletapi.SecurityContextHolderAwareRequestFilter@4b90a402, org.springframework.security.web.authentication.AnonymousAuthenticationFilter@42a698bd, org.springframework.security.web.session.SessionManagementFilter@369958b0, org.springframework.security.web.access.ExceptionTranslationFilter@124e538e]
2025-02-03T16:29:54.094+09:00  INFO 10160 --- [    Test worker] c.m.repository.LoanProductServiceTests   : Started LoanProductServiceTests in 3.056 seconds (process running for 3.707)
Hibernate: 
    select
        l1_0.fin_prdt_cd,
        l1_0.crdt_grad_avg,
        l1_0.crdt_lend_rate_type_nm,
        l1_0.crdt_prdt_type,
        l1_0.crdt_prdt_type_nm,
        l1_0.dcls_end_day,
        l1_0.dcls_month,
        l1_0.dcls_strt_day,
        l1_0.fin_co_no,
        l1_0.fin_co_subm_day,
        l1_0.fin_prdt_nm,
        l1_0.kor_co_nm 
    from
        loan_product l1_0 
    where
        l1_0.fin_prdt_cd=?
Hibernate: 
    select
        l1_0.fin_prdt_cd,
        l1_0.crdt_grad_avg,
        l1_0.crdt_lend_rate_type_nm,
        l1_0.crdt_prdt_type,
        l1_0.crdt_prdt_type_nm,
        l1_0.dcls_end_day,
        l1_0.dcls_month,
        l1_0.dcls_strt_day,
        l1_0.fin_co_no,
        l1_0.fin_co_subm_day,
        l1_0.fin_prdt_nm,
        l1_0.kor_co_nm 
    from
        loan_product l1_0 
    where
        l1_0.fin_prdt_cd=?
Hibernate: 
    select
        l1_0.fin_prdt_cd,
        l1_0.crdt_grad_avg,
        l1_0.crdt_lend_rate_type_nm,
        l1_0.crdt_prdt_type,
        l1_0.crdt_prdt_type_nm,
        l1_0.dcls_end_day,
        l1_0.dcls_month,
        l1_0.dcls_strt_day,
        l1_0.fin_co_no,
        l1_0.fin_co_subm_day,
        l1_0.fin_prdt_nm,
        l1_0.kor_co_nm 
    from
        loan_product l1_0 
    where
        l1_0.fin_prdt_cd=?
Hibernate: 
    select
        l1_0.fin_prdt_cd,
        l1_0.crdt_grad_avg,
        l1_0.crdt_lend_rate_type_nm,
        l1_0.crdt_prdt_type,
        l1_0.crdt_prdt_type_nm,
        l1_0.dcls_end_day,
        l1_0.dcls_month,
        l1_0.dcls_strt_day,
        l1_0.fin_co_no,
        l1_0.fin_co_subm_day,
        l1_0.fin_prdt_nm,
        l1_0.kor_co_nm 
    from
        loan_product l1_0 
    where
        l1_0.fin_prdt_cd=?
Hibernate: 
    select
        l1_0.fin_prdt_cd,
        l1_0.crdt_grad_avg,
        l1_0.crdt_lend_rate_type_nm,
        l1_0.crdt_prdt_type,
        l1_0.crdt_prdt_type_nm,
        l1_0.dcls_end_day,
        l1_0.dcls_month,
        l1_0.dcls_strt_day,
        l1_0.fin_co_no,
        l1_0.fin_co_subm_day,
        l1_0.fin_prdt_nm,
        l1_0.kor_co_nm 
    from
        loan_product l1_0 
    where
        l1_0.fin_prdt_cd=?
Hibernate: 
    select
        l1_0.fin_prdt_cd,
        l1_0.crdt_grad_avg,
        l1_0.crdt_lend_rate_type_nm,
        l1_0.crdt_prdt_type,
        l1_0.crdt_prdt_type_nm,
        l1_0.dcls_end_day,
        l1_0.dcls_month,
        l1_0.dcls_strt_day,
        l1_0.fin_co_no,
        l1_0.fin_co_subm_day,
        l1_0.fin_prdt_nm,
        l1_0.kor_co_nm 
    from
        loan_product l1_0 
    where
        l1_0.fin_prdt_cd=?
Hibernate: 
    select
        l1_0.fin_prdt_cd,
        l1_0.crdt_grad_avg,
        l1_0.crdt_lend_rate_type_nm,
        l1_0.crdt_prdt_type,
        l1_0.crdt_prdt_type_nm,
        l1_0.dcls_end_day,
        l1_0.dcls_month,
        l1_0.dcls_strt_day,
        l1_0.fin_co_no,
        l1_0.fin_co_subm_day,
        l1_0.fin_prdt_nm,
        l1_0.kor_co_nm 
    from
        loan_product l1_0 
    where
        l1_0.fin_prdt_cd=?
Hibernate: 
    select
        l1_0.fin_prdt_cd,
        l1_0.crdt_grad_avg,
        l1_0.crdt_lend_rate_type_nm,
        l1_0.crdt_prdt_type,
        l1_0.crdt_prdt_type_nm,
        l1_0.dcls_end_day,
        l1_0.dcls_month,
        l1_0.dcls_strt_day,
        l1_0.fin_co_no,
        l1_0.fin_co_subm_day,
        l1_0.fin_prdt_nm,
        l1_0.kor_co_nm 
    from
        loan_product l1_0 
    where
        l1_0.fin_prdt_cd=?
Hibernate: 
    select
        l1_0.fin_prdt_cd,
        l1_0.crdt_grad_avg,
        l1_0.crdt_lend_rate_type_nm,
        l1_0.crdt_prdt_type,
        l1_0.crdt_prdt_type_nm,
        l1_0.dcls_end_day,
        l1_0.dcls_month,
        l1_0.dcls_strt_day,
        l1_0.fin_co_no,
        l1_0.fin_co_subm_day,
        l1_0.fin_prdt_nm,
        l1_0.kor_co_nm 
    from
        loan_product l1_0 
    where
        l1_0.fin_prdt_cd=?
Hibernate: 
    select
        l1_0.fin_prdt_cd,
        l1_0.crdt_grad_avg,
        l1_0.crdt_lend_rate_type_nm,
        l1_0.crdt_prdt_type,
        l1_0.crdt_prdt_type_nm,
        l1_0.dcls_end_day,
        l1_0.dcls_month,
        l1_0.dcls_strt_day,
        l1_0.fin_co_no,
        l1_0.fin_co_subm_day,
        l1_0.fin_prdt_nm,
        l1_0.kor_co_nm 
    from
        loan_product l1_0 
    where
        l1_0.fin_prdt_cd=?
Hibernate: 
    select
        l1_0.fin_prdt_cd,
        l1_0.crdt_grad_avg,
        l1_0.crdt_lend_rate_type_nm,
        l1_0.crdt_prdt_type,
        l1_0.crdt_prdt_type_nm,
        l1_0.dcls_end_day,
        l1_0.dcls_month,
        l1_0.dcls_strt_day,
        l1_0.fin_co_no,
        l1_0.fin_co_subm_day,
        l1_0.fin_prdt_nm,
        l1_0.kor_co_nm 
    from
        loan_product l1_0 
    where
        l1_0.fin_prdt_cd=?
Hibernate: 
    select
        l1_0.fin_prdt_cd,
        l1_0.crdt_grad_avg,
        l1_0.crdt_lend_rate_type_nm,
        l1_0.crdt_prdt_type,
        l1_0.crdt_prdt_type_nm,
        l1_0.dcls_end_day,
        l1_0.dcls_month,
        l1_0.dcls_strt_day,
        l1_0.fin_co_no,
        l1_0.fin_co_subm_day,
        l1_0.fin_prdt_nm,
        l1_0.kor_co_nm 
    from
        loan_product l1_0 
    where
        l1_0.fin_prdt_cd=?
Hibernate: 
    select
        l1_0.fin_prdt_cd,
        l1_0.crdt_grad_avg,
        l1_0.crdt_lend_rate_type_nm,
        l1_0.crdt_prdt_type,
        l1_0.crdt_prdt_type_nm,
        l1_0.dcls_end_day,
        l1_0.dcls_month,
        l1_0.dcls_strt_day,
        l1_0.fin_co_no,
        l1_0.fin_co_subm_day,
        l1_0.fin_prdt_nm,
        l1_0.kor_co_nm 
    from
        loan_product l1_0 
    where
        l1_0.fin_prdt_cd=?
Hibernate: 
    select
        l1_0.fin_prdt_cd,
        l1_0.crdt_grad_avg,
        l1_0.crdt_lend_rate_type_nm,
        l1_0.crdt_prdt_type,
        l1_0.crdt_prdt_type_nm,
        l1_0.dcls_end_day,
        l1_0.dcls_month,
        l1_0.dcls_strt_day,
        l1_0.fin_co_no,
        l1_0.fin_co_subm_day,
        l1_0.fin_prdt_nm,
        l1_0.kor_co_nm 
    from
        loan_product l1_0 
    where
        l1_0.fin_prdt_cd=?
Hibernate: 
    select
        l1_0.fin_prdt_cd,
        l1_0.crdt_grad_avg,
        l1_0.crdt_lend_rate_type_nm,
        l1_0.crdt_prdt_type,
        l1_0.crdt_prdt_type_nm,
        l1_0.dcls_end_day,
        l1_0.dcls_month,
        l1_0.dcls_strt_day,
        l1_0.fin_co_no,
        l1_0.fin_co_subm_day,
        l1_0.fin_prdt_nm,
        l1_0.kor_co_nm 
    from
        loan_product l1_0 
    where
        l1_0.fin_prdt_cd=?
Hibernate: 
    select
        l1_0.fin_prdt_cd,
        l1_0.crdt_grad_avg,
        l1_0.crdt_lend_rate_type_nm,
        l1_0.crdt_prdt_type,
        l1_0.crdt_prdt_type_nm,
        l1_0.dcls_end_day,
        l1_0.dcls_month,
        l1_0.dcls_strt_day,
        l1_0.fin_co_no,
        l1_0.fin_co_subm_day,
        l1_0.fin_prdt_nm,
        l1_0.kor_co_nm 
    from
        loan_product l1_0 
    where
        l1_0.fin_prdt_cd=?
Hibernate: 
    select
        l1_0.fin_prdt_cd,
        l1_0.crdt_grad_avg,
        l1_0.crdt_lend_rate_type_nm,
        l1_0.crdt_prdt_type,
        l1_0.crdt_prdt_type_nm,
        l1_0.dcls_end_day,
        l1_0.dcls_month,
        l1_0.dcls_strt_day,
        l1_0.fin_co_no,
        l1_0.fin_co_subm_day,
        l1_0.fin_prdt_nm,
        l1_0.kor_co_nm 
    from
        loan_product l1_0 
    where
        l1_0.fin_prdt_cd=?
Hibernate: 
    select
        l1_0.fin_prdt_cd,
        l1_0.crdt_grad_avg,
        l1_0.crdt_lend_rate_type_nm,
        l1_0.crdt_prdt_type,
        l1_0.crdt_prdt_type_nm,
        l1_0.dcls_end_day,
        l1_0.dcls_month,
        l1_0.dcls_strt_day,
        l1_0.fin_co_no,
        l1_0.fin_co_subm_day,
        l1_0.fin_prdt_nm,
        l1_0.kor_co_nm 
    from
        loan_product l1_0 
    where
        l1_0.fin_prdt_cd=?
Hibernate: 
    select
        l1_0.fin_prdt_cd,
        l1_0.crdt_grad_avg,
        l1_0.crdt_lend_rate_type_nm,
        l1_0.crdt_prdt_type,
        l1_0.crdt_prdt_type_nm,
        l1_0.dcls_end_day,
        l1_0.dcls_month,
        l1_0.dcls_strt_day,
        l1_0.fin_co_no,
        l1_0.fin_co_subm_day,
        l1_0.fin_prdt_nm,
        l1_0.kor_co_nm 
    from
        loan_product l1_0 
    where
        l1_0.fin_prdt_cd=?
Hibernate: 
    select
        l1_0.fin_prdt_cd,
        l1_0.crdt_grad_avg,
        l1_0.crdt_lend_rate_type_nm,
        l1_0.crdt_prdt_type,
        l1_0.crdt_prdt_type_nm,
        l1_0.dcls_end_day,
        l1_0.dcls_month,
        l1_0.dcls_strt_day,
        l1_0.fin_co_no,
        l1_0.fin_co_subm_day,
        l1_0.fin_prdt_nm,
        l1_0.kor_co_nm 
    from
        loan_product l1_0 
    where
        l1_0.fin_prdt_cd=?
Hibernate: 
    select
        l1_0.fin_prdt_cd,
        l1_0.crdt_grad_avg,
        l1_0.crdt_lend_rate_type_nm,
        l1_0.crdt_prdt_type,
        l1_0.crdt_prdt_type_nm,
        l1_0.dcls_end_day,
        l1_0.dcls_month,
        l1_0.dcls_strt_day,
        l1_0.fin_co_no,
        l1_0.fin_co_subm_day,
        l1_0.fin_prdt_nm,
        l1_0.kor_co_nm 
    from
        loan_product l1_0 
    where
        l1_0.fin_prdt_cd=?
Hibernate: 
    select
        l1_0.fin_prdt_cd,
        l1_0.crdt_grad_avg,
        l1_0.crdt_lend_rate_type_nm,
        l1_0.crdt_prdt_type,
        l1_0.crdt_prdt_type_nm,
        l1_0.dcls_end_day,
        l1_0.dcls_month,
        l1_0.dcls_strt_day,
        l1_0.fin_co_no,
        l1_0.fin_co_subm_day,
        l1_0.fin_prdt_nm,
        l1_0.kor_co_nm 
    from
        loan_product l1_0 
    where
        l1_0.fin_prdt_cd=?
Hibernate: 
    select
        l1_0.fin_prdt_cd,
        l1_0.crdt_grad_avg,
        l1_0.crdt_lend_rate_type_nm,
        l1_0.crdt_prdt_type,
        l1_0.crdt_prdt_type_nm,
        l1_0.dcls_end_day,
        l1_0.dcls_month,
        l1_0.dcls_strt_day,
        l1_0.fin_co_no,
        l1_0.fin_co_subm_day,
        l1_0.fin_prdt_nm,
        l1_0.kor_co_nm 
    from
        loan_product l1_0 
    where
        l1_0.fin_prdt_cd=?
Hibernate: 
    select
        l1_0.fin_prdt_cd,
        l1_0.crdt_grad_avg,
        l1_0.crdt_lend_rate_type_nm,
        l1_0.crdt_prdt_type,
        l1_0.crdt_prdt_type_nm,
        l1_0.dcls_end_day,
        l1_0.dcls_month,
        l1_0.dcls_strt_day,
        l1_0.fin_co_no,
        l1_0.fin_co_subm_day,
        l1_0.fin_prdt_nm,
        l1_0.kor_co_nm 
    from
        loan_product l1_0 
    where
        l1_0.fin_prdt_cd=?
Hibernate: 
    insert 
    into
        loan_product
        (crdt_grad_avg,crdt_lend_rate_type_nm,crdt_prdt_type,crdt_prdt_type_nm,dcls_end_day,dcls_month,dcls_strt_day,fin_co_no,fin_co_subm_day,fin_prdt_nm,kor_co_nm,fin_prdt_cd) 
    values
        (?,?,?,?,?,?,?,?,?,?,?,?)
Hibernate: 
    insert 
    into
        loan_product
        (crdt_grad_avg,crdt_lend_rate_type_nm,crdt_prdt_type,crdt_prdt_type_nm,dcls_end_day,dcls_month,dcls_strt_day,fin_co_no,fin_co_subm_day,fin_prdt_nm,kor_co_nm,fin_prdt_cd) 
    values
        (?,?,?,?,?,?,?,?,?,?,?,?)
Hibernate: 
    insert 
    into
        loan_product
        (crdt_grad_avg,crdt_lend_rate_type_nm,crdt_prdt_type,crdt_prdt_type_nm,dcls_end_day,dcls_month,dcls_strt_day,fin_co_no,fin_co_subm_day,fin_prdt_nm,kor_co_nm,fin_prdt_cd) 
    values
        (?,?,?,?,?,?,?,?,?,?,?,?)
Hibernate: 
    insert 
    into
        loan_product
        (crdt_grad_avg,crdt_lend_rate_type_nm,crdt_prdt_type,crdt_prdt_type_nm,dcls_end_day,dcls_month,dcls_strt_day,fin_co_no,fin_co_subm_day,fin_prdt_nm,kor_co_nm,fin_prdt_cd) 
    values
        (?,?,?,?,?,?,?,?,?,?,?,?)
Hibernate: 
    insert 
    into
        loan_product
        (crdt_grad_avg,crdt_lend_rate_type_nm,crdt_prdt_type,crdt_prdt_type_nm,dcls_end_day,dcls_month,dcls_strt_day,fin_co_no,fin_co_subm_day,fin_prdt_nm,kor_co_nm,fin_prdt_cd) 
    values
        (?,?,?,?,?,?,?,?,?,?,?,?)
Hibernate: 
    insert 
    into
        loan_product
        (crdt_grad_avg,crdt_lend_rate_type_nm,crdt_prdt_type,crdt_prdt_type_nm,dcls_end_day,dcls_month,dcls_strt_day,fin_co_no,fin_co_subm_day,fin_prdt_nm,kor_co_nm,fin_prdt_cd) 
    values
        (?,?,?,?,?,?,?,?,?,?,?,?)
Hibernate: 
    insert 
    into
        loan_product
        (crdt_grad_avg,crdt_lend_rate_type_nm,crdt_prdt_type,crdt_prdt_type_nm,dcls_end_day,dcls_month,dcls_strt_day,fin_co_no,fin_co_subm_day,fin_prdt_nm,kor_co_nm,fin_prdt_cd) 
    values
        (?,?,?,?,?,?,?,?,?,?,?,?)
Hibernate: 
    insert 
    into
        loan_product
        (crdt_grad_avg,crdt_lend_rate_type_nm,crdt_prdt_type,crdt_prdt_type_nm,dcls_end_day,dcls_month,dcls_strt_day,fin_co_no,fin_co_subm_day,fin_prdt_nm,kor_co_nm,fin_prdt_cd) 
    values
        (?,?,?,?,?,?,?,?,?,?,?,?)
Hibernate: 
    insert 
    into
        loan_product
        (crdt_grad_avg,crdt_lend_rate_type_nm,crdt_prdt_type,crdt_prdt_type_nm,dcls_end_day,dcls_month,dcls_strt_day,fin_co_no,fin_co_subm_day,fin_prdt_nm,kor_co_nm,fin_prdt_cd) 
    values
        (?,?,?,?,?,?,?,?,?,?,?,?)
Hibernate: 
    insert 
    into
        loan_product
        (crdt_grad_avg,crdt_lend_rate_type_nm,crdt_prdt_type,crdt_prdt_type_nm,dcls_end_day,dcls_month,dcls_strt_day,fin_co_no,fin_co_subm_day,fin_prdt_nm,kor_co_nm,fin_prdt_cd) 
    values
        (?,?,?,?,?,?,?,?,?,?,?,?)
Hibernate: 
    insert 
    into
        loan_product
        (crdt_grad_avg,crdt_lend_rate_type_nm,crdt_prdt_type,crdt_prdt_type_nm,dcls_end_day,dcls_month,dcls_strt_day,fin_co_no,fin_co_subm_day,fin_prdt_nm,kor_co_nm,fin_prdt_cd) 
    values
        (?,?,?,?,?,?,?,?,?,?,?,?)
Hibernate: 
    insert 
    into
        loan_product
        (crdt_grad_avg,crdt_lend_rate_type_nm,crdt_prdt_type,crdt_prdt_type_nm,dcls_end_day,dcls_month,dcls_strt_day,fin_co_no,fin_co_subm_day,fin_prdt_nm,kor_co_nm,fin_prdt_cd) 
    values
        (?,?,?,?,?,?,?,?,?,?,?,?)
Hibernate: 
    insert 
    into
        loan_product
        (crdt_grad_avg,crdt_lend_rate_type_nm,crdt_prdt_type,crdt_prdt_type_nm,dcls_end_day,dcls_month,dcls_strt_day,fin_co_no,fin_co_subm_day,fin_prdt_nm,kor_co_nm,fin_prdt_cd) 
    values
        (?,?,?,?,?,?,?,?,?,?,?,?)
Hibernate: 
    insert 
    into
        loan_product
        (crdt_grad_avg,crdt_lend_rate_type_nm,crdt_prdt_type,crdt_prdt_type_nm,dcls_end_day,dcls_month,dcls_strt_day,fin_co_no,fin_co_subm_day,fin_prdt_nm,kor_co_nm,fin_prdt_cd) 
    values
        (?,?,?,?,?,?,?,?,?,?,?,?)
Hibernate: 
    insert 
    into
        loan_product
        (crdt_grad_avg,crdt_lend_rate_type_nm,crdt_prdt_type,crdt_prdt_type_nm,dcls_end_day,dcls_month,dcls_strt_day,fin_co_no,fin_co_subm_day,fin_prdt_nm,kor_co_nm,fin_prdt_cd) 
    values
        (?,?,?,?,?,?,?,?,?,?,?,?)
Hibernate: 
    insert 
    into
        loan_product
        (crdt_grad_avg,crdt_lend_rate_type_nm,crdt_prdt_type,crdt_prdt_type_nm,dcls_end_day,dcls_month,dcls_strt_day,fin_co_no,fin_co_subm_day,fin_prdt_nm,kor_co_nm,fin_prdt_cd) 
    values
        (?,?,?,?,?,?,?,?,?,?,?,?)
Hibernate: 
    insert 
    into
        loan_product
        (crdt_grad_avg,crdt_lend_rate_type_nm,crdt_prdt_type,crdt_prdt_type_nm,dcls_end_day,dcls_month,dcls_strt_day,fin_co_no,fin_co_subm_day,fin_prdt_nm,kor_co_nm,fin_prdt_cd) 
    values
        (?,?,?,?,?,?,?,?,?,?,?,?)
Hibernate: 
    insert 
    into
        loan_product
        (crdt_grad_avg,crdt_lend_rate_type_nm,crdt_prdt_type,crdt_prdt_type_nm,dcls_end_day,dcls_month,dcls_strt_day,fin_co_no,fin_co_subm_day,fin_prdt_nm,kor_co_nm,fin_prdt_cd) 
    values
        (?,?,?,?,?,?,?,?,?,?,?,?)
Hibernate: 
    insert 
    into
        loan_product
        (crdt_grad_avg,crdt_lend_rate_type_nm,crdt_prdt_type,crdt_prdt_type_nm,dcls_end_day,dcls_month,dcls_strt_day,fin_co_no,fin_co_subm_day,fin_prdt_nm,kor_co_nm,fin_prdt_cd) 
    values
        (?,?,?,?,?,?,?,?,?,?,?,?)
Hibernate: 
    insert 
    into
        loan_product
        (crdt_grad_avg,crdt_lend_rate_type_nm,crdt_prdt_type,crdt_prdt_type_nm,dcls_end_day,dcls_month,dcls_strt_day,fin_co_no,fin_co_subm_day,fin_prdt_nm,kor_co_nm,fin_prdt_cd) 
    values
        (?,?,?,?,?,?,?,?,?,?,?,?)
Hibernate: 
    insert 
    into
        loan_product
        (crdt_grad_avg,crdt_lend_rate_type_nm,crdt_prdt_type,crdt_prdt_type_nm,dcls_end_day,dcls_month,dcls_strt_day,fin_co_no,fin_co_subm_day,fin_prdt_nm,kor_co_nm,fin_prdt_cd) 
    values
        (?,?,?,?,?,?,?,?,?,?,?,?)
Hibernate: 
    insert 
    into
        loan_product
        (crdt_grad_avg,crdt_lend_rate_type_nm,crdt_prdt_type,crdt_prdt_type_nm,dcls_end_day,dcls_month,dcls_strt_day,fin_co_no,fin_co_subm_day,fin_prdt_nm,kor_co_nm,fin_prdt_cd) 
    values
        (?,?,?,?,?,?,?,?,?,?,?,?)
Hibernate: 
    insert 
    into
        loan_product
        (crdt_grad_avg,crdt_lend_rate_type_nm,crdt_prdt_type,crdt_prdt_type_nm,dcls_end_day,dcls_month,dcls_strt_day,fin_co_no,fin_co_subm_day,fin_prdt_nm,kor_co_nm,fin_prdt_cd) 
    values
        (?,?,?,?,?,?,?,?,?,?,?,?)
Hibernate: 
    insert 
    into
        loan_product
        (crdt_grad_avg,crdt_lend_rate_type_nm,crdt_prdt_type,crdt_prdt_type_nm,dcls_end_day,dcls_month,dcls_strt_day,fin_co_no,fin_co_subm_day,fin_prdt_nm,kor_co_nm,fin_prdt_cd) 
    values
        (?,?,?,?,?,?,?,?,?,?,?,?)
Hibernate: 
    update
        loan_product 
    set
        crdt_grad_avg=?,
        crdt_lend_rate_type_nm=?,
        crdt_prdt_type=?,
        crdt_prdt_type_nm=?,
        dcls_end_day=?,
        dcls_month=?,
        dcls_strt_day=?,
        fin_co_no=?,
        fin_co_subm_day=?,
        fin_prdt_nm=?,
        kor_co_nm=? 
    where
        fin_prdt_cd=?
Hibernate: 
    update
        loan_product 
    set
        crdt_grad_avg=?,
        crdt_lend_rate_type_nm=?,
        crdt_prdt_type=?,
        crdt_prdt_type_nm=?,
        dcls_end_day=?,
        dcls_month=?,
        dcls_strt_day=?,
        fin_co_no=?,
        fin_co_subm_day=?,
        fin_prdt_nm=?,
        kor_co_nm=? 
    where
        fin_prdt_cd=?
Hibernate: 
    update
        loan_product 
    set
        crdt_grad_avg=?,
        crdt_lend_rate_type_nm=?,
        crdt_prdt_type=?,
        crdt_prdt_type_nm=?,
        dcls_end_day=?,
        dcls_month=?,
        dcls_strt_day=?,
        fin_co_no=?,
        fin_co_subm_day=?,
        fin_prdt_nm=?,
        kor_co_nm=? 
    where
        fin_prdt_cd=?
Hibernate: 
    update
        loan_product 
    set
        crdt_grad_avg=?,
        crdt_lend_rate_type_nm=?,
        crdt_prdt_type=?,
        crdt_prdt_type_nm=?,
        dcls_end_day=?,
        dcls_month=?,
        dcls_strt_day=?,
        fin_co_no=?,
        fin_co_subm_day=?,
        fin_prdt_nm=?,
        kor_co_nm=? 
    where
        fin_prdt_cd=?
Hibernate: 
    update
        loan_product 
    set
        crdt_grad_avg=?,
        crdt_lend_rate_type_nm=?,
        crdt_prdt_type=?,
        crdt_prdt_type_nm=?,
        dcls_end_day=?,
        dcls_month=?,
        dcls_strt_day=?,
        fin_co_no=?,
        fin_co_subm_day=?,
        fin_prdt_nm=?,
        kor_co_nm=? 
    where
        fin_prdt_cd=?
Hibernate: 
    update
        loan_product 
    set
        crdt_grad_avg=?,
        crdt_lend_rate_type_nm=?,
        crdt_prdt_type=?,
        crdt_prdt_type_nm=?,
        dcls_end_day=?,
        dcls_month=?,
        dcls_strt_day=?,
        fin_co_no=?,
        fin_co_subm_day=?,
        fin_prdt_nm=?,
        kor_co_nm=? 
    where
        fin_prdt_cd=?
Hibernate: 
    update
        loan_product 
    set
        crdt_grad_avg=?,
        crdt_lend_rate_type_nm=?,
        crdt_prdt_type=?,
        crdt_prdt_type_nm=?,
        dcls_end_day=?,
        dcls_month=?,
        dcls_strt_day=?,
        fin_co_no=?,
        fin_co_subm_day=?,
        fin_prdt_nm=?,
        kor_co_nm=? 
    where
        fin_prdt_cd=?
]]></system-out>
  <system-err><![CDATA[]]></system-err>
</testsuite>
